<?xml version="1.0" encoding="UTF-8"?>
<!-- Generated by org.testng.reporters.JUnitReportReporter -->
<testsuite hostname="LAPTOP-A0J05IBN" failures="0" tests="1" name="com.inetBanking.TestCases.TC_LoginTest_001" time="1.354" errors="0" timestamp="2022-03-02T09:40:15 EST" skipped="0">
  <testcase classname="com.inetBanking.TestCases.TC_LoginTest_001" name="loginpagetest" time="1.354"/>
  <system-out/>
</testsuite> <!-- com.inetBanking.TestCases.TC_LoginTest_001 -->
