<?xml version="1.0" encoding="UTF-8"?>
<!-- Generated by org.testng.reporters.JUnitReportReporter -->
<testsuite hostname="DESKTOP-MHT49UU" failures="0" tests="1" name="com.inetBanking.TestCases.TC_LoginTest_001" time="2.373" errors="0" timestamp="2022-03-01T15:21:13 EST" skipped="0">
  <testcase classname="com.inetBanking.TestCases.TC_LoginTest_001" name="loginpagetest" time="2.373"/>
  <system-out/>
</testsuite> <!-- com.inetBanking.TestCases.TC_LoginTest_001 -->
